<?xml version="1.0" encoding="UTF-8"?>
<!-- Generated by org.testng.reporters.JUnitXMLReporter -->
<testsuite hostname="DESKTOP-M9LRRON" ignored="0" name="GeneratingCredentialsForJenkins" tests="4" failures="0" timestamp="30 авг 2019 13:34:18 GMT" time="16.874" errors="0">
  <testcase name="@BeforeClass setUp" time="16.828" classname="com.AppConfiguring">
    <failure type="com.codeborne.selenide.ex.ElementNotFound" message="Element not found {By.xpath: //*[@id=&amp;quot;wrap&amp;quot;]/p[1]}
Expected: visible">
      <![CDATA[Element not found {By.xpath: //*[@id="wrap"]/p[1]}
Expected: visible
Screenshot: file:/C:/auto/auto-registration/build/reports/tests/1567172058212.0.png
Page source: file:/C:/auto/auto-registration/build/reports/tests/1567172058212.0.html
Timeout: 4 s.
Caused by: NoSuchElementException: no such element: Unable to locate element: {"method":"xpath","selector":"//*[@id="wrap"]/p[1]"}
at com.codeborne.selenide.impl.WebElementSource.createElementNotFoundError(WebElementSource.java:37)
at com.codeborne.selenide.impl.ElementFinder.createElementNotFoundError(ElementFinder.java:100)
at com.codeborne.selenide.impl.WebElementSource.checkCondition(WebElementSource.java:65)
at com.codeborne.selenide.commands.Should.execute(Should.java:24)
at com.codeborne.selenide.commands.Should.execute(Should.java:10)
at com.codeborne.selenide.commands.Commands.execute(Commands.java:144)
at com.codeborne.selenide.impl.SelenideElementProxy.dispatchAndRetry(SelenideElementProxy.java:99)
at com.codeborne.selenide.impl.SelenideElementProxy.invoke(SelenideElementProxy.java:65)
at com.sun.proxy.$Proxy11.shouldBe(Unknown Source)
at com.Registration.fillingTheForm(Registration.java:39)
at com.AppConfiguring.setUp(AppConfiguring.java:36)
at com.sun.proxy.$Proxy2.stop(Unknown Source)
at java.util.concurrent.ThreadPoolExecutor.runWorker(ThreadPoolExecutor.java:1149)
at java.util.concurrent.ThreadPoolExecutor$Worker.run(ThreadPoolExecutor.java:624)
at java.lang.Thread.run(Thread.java:748)
Caused by: org.openqa.selenium.NoSuchElementException: no such element: Unable to locate element: {"method":"xpath","selector":"//*[@id="wrap"]/p[1]"}
  (Session info: chrome=76.0.3809.100)
For documentation on this error, please visit: https://www.seleniumhq.org/exceptions/no_such_element.html
Build info: version: '3.141.59', revision: 'e82be7d358', time: '2018-11-14T08:17:03'
System info: host: 'DESKTOP-M9LRRON', ip: '192.168.99.1', os.name: 'Windows 10', os.arch: 'amd64', os.version: '10.0', java.version: '1.8.0_201'
Driver info: org.openqa.selenium.chrome.ChromeDriver
Capabilities {acceptInsecureCerts: false, browserName: chrome, browserVersion: 76.0.3809.100, chrome: {chromedriverVersion: 76.0.3809.126 (d80a294506b4..., userDataDir: C:\Users\Admin\AppData\Loca...}, goog:chromeOptions: {debuggerAddress: localhost:54592}, javascriptEnabled: true, networkConnectionEnabled: false, pageLoadStrategy: normal, platform: XP, platformName: XP, proxy: Proxy(), setWindowRect: true, strictFileInteractability: false, timeouts: {implicit: 0, pageLoad: 300000, script: 30000}, unhandledPromptBehavior: dismiss and notify}
Session ID: 3eaef95e236e1160656741f97e38fecd
*** Element info: {Using=xpath, value=//*[@id="wrap"]/p[1]}
at org.openqa.selenium.remote.http.W3CHttpResponseCodec.createException(W3CHttpResponseCodec.java:187)
at org.openqa.selenium.remote.http.W3CHttpResponseCodec.decode(W3CHttpResponseCodec.java:122)
at org.openqa.selenium.remote.http.W3CHttpResponseCodec.decode(W3CHttpResponseCodec.java:49)
at org.openqa.selenium.remote.HttpCommandExecutor.execute(HttpCommandExecutor.java:158)
at org.openqa.selenium.remote.service.DriverCommandExecutor.execute(DriverCommandExecutor.java:83)
at org.openqa.selenium.remote.RemoteWebDriver.execute(RemoteWebDriver.java:552)
at org.openqa.selenium.remote.RemoteWebDriver.findElement(RemoteWebDriver.java:323)
at org.openqa.selenium.remote.RemoteWebDriver.findElementByXPath(RemoteWebDriver.java:428)
at org.openqa.selenium.By$ByXPath.findElement(By.java:353)
at org.openqa.selenium.remote.RemoteWebDriver.findElement(RemoteWebDriver.java:315)
at com.codeborne.selenide.impl.WebElementSelector.findElement(WebElementSelector.java:28)
at com.codeborne.selenide.impl.ElementFinder.getWebElement(ElementFinder.java:74)
at com.codeborne.selenide.impl.WebElementSource.checkCondition(WebElementSource.java:50)
... 59 more
... Removed 50 stack frames]]>
    </failure>
  </testcase> <!-- @BeforeClass setUp -->
  <testcase name="@AfterClass createJenkinsCreds" time="0.0" classname="com.AppConfiguring">
    <skipped/>
  </testcase> <!-- @AfterClass createJenkinsCreds -->
  <testcase name="createApp" time="0.0" classname="com.AppConfiguring">
    <skipped/>
  </testcase> <!-- createApp -->
  <testcase name="uploadCertificates" time="0.0" classname="com.AppConfiguring">
    <skipped/>
  </testcase> <!-- uploadCertificates -->
  <testcase name="setAdditionalOptions" time="0.0" classname="com.AppConfiguring">
    <skipped/>
  </testcase> <!-- setAdditionalOptions -->
  <testcase name="getCredentials" time="0.0" classname="com.AppConfiguring">
    <skipped/>
  </testcase> <!-- getCredentials -->
</testsuite> <!-- GeneratingCredentialsForJenkins -->
